2020-05-17 00:13:07.303 [main] INFO  com.shine.faas.admin.FaasAdminServiceApplication - Starting FaasAdminServiceApplication on wanc-desktop with PID 29800 (C:\Users\Administrator\Desktop\campus-system-service\faas-services\faas-admin-service\target\classes started by Administrator in C:\Users\Administrator\Desktop\campus-system-service)
2020-05-17 00:13:07.307 [main] INFO  com.shine.faas.admin.FaasAdminServiceApplication - The following profiles are active: FaasAdminServiceApplication
2020-05-17 00:13:08.190 [main] INFO  o.s.c.s.PostProcessorRegistrationDelegate$BeanPostProcessorChecker - Bean 'org.springframework.transaction.annotation.ProxyTransactionManagementConfiguration' of type [org.springframework.transaction.annotation.ProxyTransactionManagementConfiguration$$EnhancerBySpringCGLIB$$fd5e7927] is not eligible for getting processed by all BeanPostProcessors (for example: not eligible for auto-proxying)
2020-05-17 00:13:08.669 [main] INFO  o.s.boot.web.embedded.tomcat.TomcatWebServer - Tomcat initialized with port(s): 7000 (http)
2020-05-17 00:13:08.699 [main] INFO  org.apache.coyote.http11.Http11NioProtocol - Initializing ProtocolHandler ["http-nio-7000"]
2020-05-17 00:13:08.717 [main] INFO  org.apache.catalina.core.StandardService - Starting service [Tomcat]
2020-05-17 00:13:08.717 [main] INFO  org.apache.catalina.core.StandardEngine - Starting Servlet engine: [Apache Tomcat/9.0.17]
2020-05-17 00:13:08.923 [main] INFO  o.a.c.core.ContainerBase.[Tomcat].[localhost].[/] - Initializing Spring embedded WebApplicationContext
2020-05-17 00:13:08.923 [main] INFO  org.springframework.web.context.ContextLoader - Root WebApplicationContext: initialization completed in 1588 ms
2020-05-17 00:13:09.499 [main] INFO  o.s.scheduling.concurrent.ThreadPoolTaskExecutor - Initializing ExecutorService 'applicationTaskExecutor'
2020-05-17 00:13:09.888 [main] INFO  org.apache.coyote.http11.Http11NioProtocol - Starting ProtocolHandler ["http-nio-7000"]
2020-05-17 00:13:09.990 [main] INFO  o.s.boot.web.embedded.tomcat.TomcatWebServer - Tomcat started on port(s): 7000 (http) with context path ''
2020-05-17 00:13:09.992 [main] INFO  com.shine.faas.admin.FaasAdminServiceApplication - Started FaasAdminServiceApplication in 2.978 seconds (JVM running for 3.977)
2020-05-17 00:13:09.995 [main] INFO  com.shine.faas.admin.FaasAdminServiceApplication - 启动完成...
2020-05-17 00:13:09.999 [main] INFO  com.zaxxer.hikari.HikariDataSource - MyHikariCP - Starting...
2020-05-17 00:13:11.825 [main] INFO  com.zaxxer.hikari.HikariDataSource - MyHikariCP - Start completed.
2020-05-17 00:16:44.133 [main] INFO  com.shine.faas.admin.FaasAdminServiceApplication - Starting FaasAdminServiceApplication on wanc-desktop with PID 30332 (C:\Users\Administrator\Desktop\campus-system-service\faas-services\faas-admin-service\target\classes started by Administrator in C:\Users\Administrator\Desktop\campus-system-service)
2020-05-17 00:16:44.135 [main] INFO  com.shine.faas.admin.FaasAdminServiceApplication - The following profiles are active: FaasAdminServiceApplication
2020-05-17 00:16:45.026 [main] INFO  o.s.c.s.PostProcessorRegistrationDelegate$BeanPostProcessorChecker - Bean 'org.springframework.transaction.annotation.ProxyTransactionManagementConfiguration' of type [org.springframework.transaction.annotation.ProxyTransactionManagementConfiguration$$EnhancerBySpringCGLIB$$6cfca2ab] is not eligible for getting processed by all BeanPostProcessors (for example: not eligible for auto-proxying)
2020-05-17 00:16:45.281 [main] INFO  o.s.boot.web.embedded.tomcat.TomcatWebServer - Tomcat initialized with port(s): 7000 (http)
2020-05-17 00:16:45.293 [main] INFO  org.apache.coyote.http11.Http11NioProtocol - Initializing ProtocolHandler ["http-nio-7000"]
2020-05-17 00:16:45.302 [main] INFO  org.apache.catalina.core.StandardService - Starting service [Tomcat]
2020-05-17 00:16:45.302 [main] INFO  org.apache.catalina.core.StandardEngine - Starting Servlet engine: [Apache Tomcat/9.0.17]
2020-05-17 00:16:45.388 [main] INFO  o.a.c.core.ContainerBase.[Tomcat].[localhost].[/] - Initializing Spring embedded WebApplicationContext
2020-05-17 00:16:45.388 [main] INFO  org.springframework.web.context.ContextLoader - Root WebApplicationContext: initialization completed in 1221 ms
2020-05-17 00:16:45.751 [main] INFO  o.s.scheduling.concurrent.ThreadPoolTaskExecutor - Initializing ExecutorService 'applicationTaskExecutor'
2020-05-17 00:16:45.997 [main] INFO  org.apache.coyote.http11.Http11NioProtocol - Starting ProtocolHandler ["http-nio-7000"]
2020-05-17 00:16:46.017 [main] INFO  o.s.boot.web.embedded.tomcat.TomcatWebServer - Tomcat started on port(s): 7000 (http) with context path ''
2020-05-17 00:16:46.020 [main] INFO  com.shine.faas.admin.FaasAdminServiceApplication - Started FaasAdminServiceApplication in 2.151 seconds (JVM running for 3.856)
2020-05-17 00:16:46.023 [main] INFO  com.shine.faas.admin.FaasAdminServiceApplication - 启动完成...
2020-05-17 00:16:46.028 [main] INFO  com.zaxxer.hikari.HikariDataSource - MyHikariCP - Starting...
2020-05-17 00:16:47.546 [main] INFO  com.zaxxer.hikari.HikariDataSource - MyHikariCP - Start completed.
2020-05-17 00:19:17.054 [Thread-6] INFO  o.s.scheduling.concurrent.ThreadPoolTaskExecutor - Shutting down ExecutorService 'applicationTaskExecutor'
2020-05-17 00:19:17.055 [Thread-6] INFO  com.zaxxer.hikari.HikariDataSource - MyHikariCP - Shutdown initiated...
2020-05-17 00:19:17.060 [Thread-6] INFO  com.zaxxer.hikari.HikariDataSource - MyHikariCP - Shutdown completed.
2020-05-17 00:19:21.545 [main] INFO  com.shine.faas.admin.FaasAdminServiceApplication - Starting FaasAdminServiceApplication on wanc-desktop with PID 30172 (C:\Users\Administrator\Desktop\campus-system-service\faas-services\faas-admin-service\target\classes started by Administrator in C:\Users\Administrator\Desktop\campus-system-service)
2020-05-17 00:19:21.548 [main] INFO  com.shine.faas.admin.FaasAdminServiceApplication - The following profiles are active: FaasAdminServiceApplication
2020-05-17 00:19:22.418 [main] INFO  o.s.c.s.PostProcessorRegistrationDelegate$BeanPostProcessorChecker - Bean 'org.springframework.transaction.annotation.ProxyTransactionManagementConfiguration' of type [org.springframework.transaction.annotation.ProxyTransactionManagementConfiguration$$EnhancerBySpringCGLIB$$4b161f35] is not eligible for getting processed by all BeanPostProcessors (for example: not eligible for auto-proxying)
2020-05-17 00:19:22.678 [main] INFO  o.s.boot.web.embedded.tomcat.TomcatWebServer - Tomcat initialized with port(s): 7000 (http)
2020-05-17 00:19:22.691 [main] INFO  org.apache.coyote.http11.Http11NioProtocol - Initializing ProtocolHandler ["http-nio-7000"]
2020-05-17 00:19:22.696 [main] INFO  org.apache.catalina.core.StandardService - Starting service [Tomcat]
2020-05-17 00:19:22.697 [main] INFO  org.apache.catalina.core.StandardEngine - Starting Servlet engine: [Apache Tomcat/9.0.17]
2020-05-17 00:19:22.782 [main] INFO  o.a.c.core.ContainerBase.[Tomcat].[localhost].[/] - Initializing Spring embedded WebApplicationContext
2020-05-17 00:19:22.782 [main] INFO  org.springframework.web.context.ContextLoader - Root WebApplicationContext: initialization completed in 1202 ms
2020-05-17 00:19:23.143 [main] INFO  o.s.scheduling.concurrent.ThreadPoolTaskExecutor - Initializing ExecutorService 'applicationTaskExecutor'
2020-05-17 00:19:23.387 [main] INFO  org.apache.coyote.http11.Http11NioProtocol - Starting ProtocolHandler ["http-nio-7000"]
2020-05-17 00:19:23.408 [main] INFO  o.s.boot.web.embedded.tomcat.TomcatWebServer - Tomcat started on port(s): 7000 (http) with context path ''
2020-05-17 00:19:23.411 [main] INFO  com.shine.faas.admin.FaasAdminServiceApplication - Started FaasAdminServiceApplication in 2.199 seconds (JVM running for 3.02)
2020-05-17 00:19:23.414 [main] INFO  com.shine.faas.admin.FaasAdminServiceApplication - 启动完成...
2020-05-17 00:19:23.418 [main] INFO  com.zaxxer.hikari.HikariDataSource - MyHikariCP - Starting...
2020-05-17 00:19:25.681 [main] INFO  com.zaxxer.hikari.HikariDataSource - MyHikariCP - Start completed.
2020-05-17 00:22:15.332 [http-nio-7000-exec-1] INFO  o.a.c.core.ContainerBase.[Tomcat].[localhost].[/] - Initializing Spring DispatcherServlet 'dispatcherServlet'
2020-05-17 00:22:15.332 [http-nio-7000-exec-1] INFO  org.springframework.web.servlet.DispatcherServlet - Initializing Servlet 'dispatcherServlet'
2020-05-17 00:22:15.349 [http-nio-7000-exec-1] INFO  org.springframework.web.servlet.DispatcherServlet - Completed initialization in 16 ms
2020-05-17 00:23:18.476 [Thread-6] INFO  o.s.scheduling.concurrent.ThreadPoolTaskExecutor - Shutting down ExecutorService 'applicationTaskExecutor'
2020-05-17 00:23:18.477 [Thread-6] INFO  com.zaxxer.hikari.HikariDataSource - MyHikariCP - Shutdown initiated...
2020-05-17 00:23:25.205 [main] INFO  com.shine.faas.admin.FaasAdminServiceApplication - Starting FaasAdminServiceApplication on wanc-desktop with PID 12496 (C:\Users\Administrator\Desktop\campus-system-service\faas-services\faas-admin-service\target\classes started by Administrator in C:\Users\Administrator\Desktop\campus-system-service)
2020-05-17 00:23:25.207 [main] INFO  com.shine.faas.admin.FaasAdminServiceApplication - The following profiles are active: FaasAdminServiceApplication
2020-05-17 00:23:26.102 [main] INFO  o.s.c.s.PostProcessorRegistrationDelegate$BeanPostProcessorChecker - Bean 'org.springframework.transaction.annotation.ProxyTransactionManagementConfiguration' of type [org.springframework.transaction.annotation.ProxyTransactionManagementConfiguration$$EnhancerBySpringCGLIB$$175873bc] is not eligible for getting processed by all BeanPostProcessors (for example: not eligible for auto-proxying)
2020-05-17 00:23:26.415 [main] INFO  o.s.boot.web.embedded.tomcat.TomcatWebServer - Tomcat initialized with port(s): 7000 (http)
2020-05-17 00:23:26.429 [main] INFO  org.apache.coyote.http11.Http11NioProtocol - Initializing ProtocolHandler ["http-nio-7000"]
2020-05-17 00:23:26.440 [main] INFO  org.apache.catalina.core.StandardService - Starting service [Tomcat]
2020-05-17 00:23:26.440 [main] INFO  org.apache.catalina.core.StandardEngine - Starting Servlet engine: [Apache Tomcat/9.0.17]
2020-05-17 00:23:26.541 [main] INFO  o.a.c.core.ContainerBase.[Tomcat].[localhost].[/] - Initializing Spring embedded WebApplicationContext
2020-05-17 00:23:26.541 [main] INFO  org.springframework.web.context.ContextLoader - Root WebApplicationContext: initialization completed in 1291 ms
2020-05-17 00:23:27.022 [main] INFO  o.s.scheduling.concurrent.ThreadPoolTaskExecutor - Initializing ExecutorService 'applicationTaskExecutor'
2020-05-17 00:23:27.303 [main] INFO  org.apache.coyote.http11.Http11NioProtocol - Starting ProtocolHandler ["http-nio-7000"]
2020-05-17 00:23:27.323 [main] INFO  o.s.boot.web.embedded.tomcat.TomcatWebServer - Tomcat started on port(s): 7000 (http) with context path ''
2020-05-17 00:23:27.326 [main] INFO  com.shine.faas.admin.FaasAdminServiceApplication - Started FaasAdminServiceApplication in 2.422 seconds (JVM running for 3.461)
2020-05-17 00:23:27.329 [main] INFO  com.shine.faas.admin.FaasAdminServiceApplication - 启动完成...
2020-05-17 00:23:27.332 [main] INFO  com.zaxxer.hikari.HikariDataSource - MyHikariCP - Starting...
2020-05-17 00:23:29.605 [main] INFO  com.zaxxer.hikari.HikariDataSource - MyHikariCP - Start completed.
2020-05-17 00:23:38.981 [http-nio-7000-exec-1] INFO  o.a.c.core.ContainerBase.[Tomcat].[localhost].[/] - Initializing Spring DispatcherServlet 'dispatcherServlet'
2020-05-17 00:23:38.981 [http-nio-7000-exec-1] INFO  org.springframework.web.servlet.DispatcherServlet - Initializing Servlet 'dispatcherServlet'
2020-05-17 00:23:38.986 [http-nio-7000-exec-1] INFO  org.springframework.web.servlet.DispatcherServlet - Completed initialization in 5 ms
2020-05-17 00:24:05.328 [http-nio-7000-exec-7] WARN  com.zaxxer.hikari.pool.PoolBase - MyHikariCP - Failed to validate connection org.postgresql.jdbc.PgConnection@685aa979 (This connection has been closed.). Possibly consider using a shorter maxLifetime value.
2020-05-17 00:58:36.272 [Thread-7] INFO  o.s.scheduling.concurrent.ThreadPoolTaskExecutor - Shutting down ExecutorService 'applicationTaskExecutor'
2020-05-17 00:58:36.274 [Thread-7] INFO  com.zaxxer.hikari.HikariDataSource - MyHikariCP - Shutdown initiated...
2020-05-17 00:58:36.278 [Thread-7] INFO  com.zaxxer.hikari.HikariDataSource - MyHikariCP - Shutdown completed.
2020-05-17 00:58:43.664 [main] INFO  com.shine.faas.admin.FaasAdminServiceApplication - Starting FaasAdminServiceApplication on wanc-desktop with PID 30420 (C:\Users\Administrator\Desktop\campus-system-service\faas-services\faas-admin-service\target\classes started by Administrator in C:\Users\Administrator\Desktop\campus-system-service)
2020-05-17 00:58:43.667 [main] INFO  com.shine.faas.admin.FaasAdminServiceApplication - The following profiles are active: FaasAdminServiceApplication
2020-05-17 00:58:44.905 [main] INFO  o.s.c.s.PostProcessorRegistrationDelegate$BeanPostProcessorChecker - Bean 'org.springframework.transaction.annotation.ProxyTransactionManagementConfiguration' of type [org.springframework.transaction.annotation.ProxyTransactionManagementConfiguration$$EnhancerBySpringCGLIB$$3669c218] is not eligible for getting processed by all BeanPostProcessors (for example: not eligible for auto-proxying)
2020-05-17 00:58:45.290 [main] INFO  o.s.boot.web.embedded.tomcat.TomcatWebServer - Tomcat initialized with port(s): 7000 (http)
2020-05-17 00:58:45.310 [main] INFO  org.apache.coyote.http11.Http11NioProtocol - Initializing ProtocolHandler ["http-nio-7000"]
2020-05-17 00:58:45.329 [main] INFO  org.apache.catalina.core.StandardService - Starting service [Tomcat]
2020-05-17 00:58:45.330 [main] INFO  org.apache.catalina.core.StandardEngine - Starting Servlet engine: [Apache Tomcat/9.0.17]
2020-05-17 00:58:45.472 [main] INFO  o.a.c.core.ContainerBase.[Tomcat].[localhost].[/] - Initializing Spring embedded WebApplicationContext
2020-05-17 00:58:45.473 [main] INFO  org.springframework.web.context.ContextLoader - Root WebApplicationContext: initialization completed in 1763 ms
2020-05-17 00:58:45.906 [main] INFO  o.s.scheduling.concurrent.ThreadPoolTaskExecutor - Initializing ExecutorService 'applicationTaskExecutor'
2020-05-17 00:58:46.205 [main] INFO  org.apache.coyote.http11.Http11NioProtocol - Starting ProtocolHandler ["http-nio-7000"]
2020-05-17 00:58:46.236 [main] INFO  o.s.boot.web.embedded.tomcat.TomcatWebServer - Tomcat started on port(s): 7000 (http) with context path ''
2020-05-17 00:58:46.238 [main] INFO  com.shine.faas.admin.FaasAdminServiceApplication - Started FaasAdminServiceApplication in 3.095 seconds (JVM running for 4.503)
2020-05-17 00:58:46.243 [main] INFO  com.shine.faas.admin.FaasAdminServiceApplication - 启动完成...
2020-05-17 00:58:46.251 [main] INFO  com.zaxxer.hikari.HikariDataSource - MyHikariCP - Starting...
2020-05-17 00:58:55.467 [main] INFO  com.zaxxer.hikari.HikariDataSource - MyHikariCP - Start completed.
2020-05-17 00:59:06.457 [http-nio-7000-exec-1] INFO  o.a.c.core.ContainerBase.[Tomcat].[localhost].[/] - Initializing Spring DispatcherServlet 'dispatcherServlet'
2020-05-17 00:59:06.457 [http-nio-7000-exec-1] INFO  org.springframework.web.servlet.DispatcherServlet - Initializing Servlet 'dispatcherServlet'
2020-05-17 00:59:06.468 [http-nio-7000-exec-1] INFO  org.springframework.web.servlet.DispatcherServlet - Completed initialization in 11 ms
2020-05-17 01:03:51.053 [Thread-8] INFO  o.s.scheduling.concurrent.ThreadPoolTaskExecutor - Shutting down ExecutorService 'applicationTaskExecutor'
2020-05-17 01:03:51.054 [Thread-8] INFO  com.zaxxer.hikari.HikariDataSource - MyHikariCP - Shutdown initiated...
2020-05-17 01:03:51.058 [Thread-8] INFO  com.zaxxer.hikari.HikariDataSource - MyHikariCP - Shutdown completed.
2020-05-17 01:04:00.385 [main] INFO  com.shine.faas.admin.FaasAdminServiceApplication - Starting FaasAdminServiceApplication on wanc-desktop with PID 7224 (C:\Users\Administrator\Desktop\campus-system-service\faas-services\faas-admin-service\target\classes started by Administrator in C:\Users\Administrator\Desktop\campus-system-service)
2020-05-17 01:04:00.395 [main] INFO  com.shine.faas.admin.FaasAdminServiceApplication - The following profiles are active: FaasAdminServiceApplication
2020-05-17 01:04:02.709 [main] INFO  o.s.c.s.PostProcessorRegistrationDelegate$BeanPostProcessorChecker - Bean 'org.springframework.transaction.annotation.ProxyTransactionManagementConfiguration' of type [org.springframework.transaction.annotation.ProxyTransactionManagementConfiguration$$EnhancerBySpringCGLIB$$82ecfc14] is not eligible for getting processed by all BeanPostProcessors (for example: not eligible for auto-proxying)
2020-05-17 01:04:03.337 [main] INFO  o.s.boot.web.embedded.tomcat.TomcatWebServer - Tomcat initialized with port(s): 7000 (http)
2020-05-17 01:04:03.371 [main] INFO  org.apache.coyote.http11.Http11NioProtocol - Initializing ProtocolHandler ["http-nio-7000"]
2020-05-17 01:04:03.387 [main] INFO  org.apache.catalina.core.StandardService - Starting service [Tomcat]
2020-05-17 01:04:03.388 [main] INFO  org.apache.catalina.core.StandardEngine - Starting Servlet engine: [Apache Tomcat/9.0.17]
2020-05-17 01:04:03.631 [main] INFO  o.a.c.core.ContainerBase.[Tomcat].[localhost].[/] - Initializing Spring embedded WebApplicationContext
2020-05-17 01:04:03.632 [main] INFO  org.springframework.web.context.ContextLoader - Root WebApplicationContext: initialization completed in 3124 ms
2020-05-17 01:04:04.446 [main] INFO  o.s.scheduling.concurrent.ThreadPoolTaskExecutor - Initializing ExecutorService 'applicationTaskExecutor'
2020-05-17 01:04:04.985 [main] INFO  org.apache.coyote.http11.Http11NioProtocol - Starting ProtocolHandler ["http-nio-7000"]
2020-05-17 01:04:05.033 [main] INFO  o.s.boot.web.embedded.tomcat.TomcatWebServer - Tomcat started on port(s): 7000 (http) with context path ''
2020-05-17 01:04:05.039 [main] INFO  com.shine.faas.admin.FaasAdminServiceApplication - Started FaasAdminServiceApplication in 5.498 seconds (JVM running for 7.622)
2020-05-17 01:04:05.046 [main] INFO  com.shine.faas.admin.FaasAdminServiceApplication - 启动完成...
2020-05-17 01:04:05.055 [main] INFO  com.zaxxer.hikari.HikariDataSource - MyHikariCP - Starting...
2020-05-17 01:04:06.472 [main] INFO  com.zaxxer.hikari.HikariDataSource - MyHikariCP - Start completed.
2020-05-17 01:04:47.932 [http-nio-7000-exec-1] INFO  o.a.c.core.ContainerBase.[Tomcat].[localhost].[/] - Initializing Spring DispatcherServlet 'dispatcherServlet'
2020-05-17 01:04:47.933 [http-nio-7000-exec-1] INFO  org.springframework.web.servlet.DispatcherServlet - Initializing Servlet 'dispatcherServlet'
2020-05-17 01:04:47.940 [http-nio-7000-exec-1] INFO  org.springframework.web.servlet.DispatcherServlet - Completed initialization in 7 ms
2020-05-17 01:07:28.699 [Thread-12] INFO  o.s.scheduling.concurrent.ThreadPoolTaskExecutor - Shutting down ExecutorService 'applicationTaskExecutor'
2020-05-17 01:07:28.700 [Thread-12] INFO  com.zaxxer.hikari.HikariDataSource - MyHikariCP - Shutdown initiated...
2020-05-17 01:07:28.704 [Thread-12] INFO  com.zaxxer.hikari.HikariDataSource - MyHikariCP - Shutdown completed.
2020-05-17 01:07:34.769 [main] INFO  com.shine.faas.admin.FaasAdminServiceApplication - Starting FaasAdminServiceApplication on wanc-desktop with PID 9100 (C:\Users\Administrator\Desktop\campus-system-service\faas-services\faas-admin-service\target\classes started by Administrator in C:\Users\Administrator\Desktop\campus-system-service)
2020-05-17 01:07:34.776 [main] INFO  com.shine.faas.admin.FaasAdminServiceApplication - The following profiles are active: FaasAdminServiceApplication
2020-05-17 01:07:35.880 [main] INFO  o.s.c.s.PostProcessorRegistrationDelegate$BeanPostProcessorChecker - Bean 'org.springframework.transaction.annotation.ProxyTransactionManagementConfiguration' of type [org.springframework.transaction.annotation.ProxyTransactionManagementConfiguration$$EnhancerBySpringCGLIB$$e4ec2459] is not eligible for getting processed by all BeanPostProcessors (for example: not eligible for auto-proxying)
2020-05-17 01:07:36.197 [main] INFO  o.s.boot.web.embedded.tomcat.TomcatWebServer - Tomcat initialized with port(s): 7000 (http)
2020-05-17 01:07:36.215 [main] INFO  org.apache.coyote.http11.Http11NioProtocol - Initializing ProtocolHandler ["http-nio-7000"]
2020-05-17 01:07:36.222 [main] INFO  org.apache.catalina.core.StandardService - Starting service [Tomcat]
2020-05-17 01:07:36.223 [main] INFO  org.apache.catalina.core.StandardEngine - Starting Servlet engine: [Apache Tomcat/9.0.17]
2020-05-17 01:07:36.369 [main] INFO  o.a.c.core.ContainerBase.[Tomcat].[localhost].[/] - Initializing Spring embedded WebApplicationContext
2020-05-17 01:07:36.369 [main] INFO  org.springframework.web.context.ContextLoader - Root WebApplicationContext: initialization completed in 1544 ms
2020-05-17 01:07:36.860 [main] INFO  o.s.scheduling.concurrent.ThreadPoolTaskExecutor - Initializing ExecutorService 'applicationTaskExecutor'
2020-05-17 01:07:37.242 [main] INFO  org.apache.coyote.http11.Http11NioProtocol - Starting ProtocolHandler ["http-nio-7000"]
2020-05-17 01:07:37.272 [main] INFO  o.s.boot.web.embedded.tomcat.TomcatWebServer - Tomcat started on port(s): 7000 (http) with context path ''
2020-05-17 01:07:37.275 [main] INFO  com.shine.faas.admin.FaasAdminServiceApplication - Started FaasAdminServiceApplication in 2.968 seconds (JVM running for 4.111)
2020-05-17 01:07:37.278 [main] INFO  com.shine.faas.admin.FaasAdminServiceApplication - 启动完成...
2020-05-17 01:07:37.282 [main] INFO  com.zaxxer.hikari.HikariDataSource - MyHikariCP - Starting...
2020-05-17 01:07:39.241 [main] INFO  com.zaxxer.hikari.HikariDataSource - MyHikariCP - Start completed.
2020-05-17 01:32:59.741 [http-nio-7000-exec-1] INFO  o.a.c.core.ContainerBase.[Tomcat].[localhost].[/] - Initializing Spring DispatcherServlet 'dispatcherServlet'
2020-05-17 01:32:59.741 [http-nio-7000-exec-1] INFO  org.springframework.web.servlet.DispatcherServlet - Initializing Servlet 'dispatcherServlet'
2020-05-17 01:32:59.747 [http-nio-7000-exec-1] INFO  org.springframework.web.servlet.DispatcherServlet - Completed initialization in 6 ms
2020-05-17 01:32:59.854 [http-nio-7000-exec-1] WARN  com.zaxxer.hikari.pool.PoolBase - MyHikariCP - Failed to validate connection org.postgresql.jdbc.PgConnection@5de635a2 (This connection has been closed.). Possibly consider using a shorter maxLifetime value.
2020-05-17 01:32:59.856 [http-nio-7000-exec-1] WARN  com.zaxxer.hikari.pool.PoolBase - MyHikariCP - Failed to validate connection org.postgresql.jdbc.PgConnection@6618fe82 (This connection has been closed.). Possibly consider using a shorter maxLifetime value.
2020-05-17 01:32:59.857 [http-nio-7000-exec-1] WARN  com.zaxxer.hikari.pool.PoolBase - MyHikariCP - Failed to validate connection org.postgresql.jdbc.PgConnection@abf9cc6 (This connection has been closed.). Possibly consider using a shorter maxLifetime value.
2020-05-17 01:32:59.858 [http-nio-7000-exec-1] WARN  com.zaxxer.hikari.pool.PoolBase - MyHikariCP - Failed to validate connection org.postgresql.jdbc.PgConnection@13bfee15 (This connection has been closed.). Possibly consider using a shorter maxLifetime value.
2020-05-17 01:32:59.859 [http-nio-7000-exec-1] WARN  com.zaxxer.hikari.pool.PoolBase - MyHikariCP - Failed to validate connection org.postgresql.jdbc.PgConnection@7982eb8f (This connection has been closed.). Possibly consider using a shorter maxLifetime value.
2020-05-17 01:33:25.852 [Thread-8] INFO  o.s.scheduling.concurrent.ThreadPoolTaskExecutor - Shutting down ExecutorService 'applicationTaskExecutor'
2020-05-17 01:33:25.853 [Thread-8] INFO  com.zaxxer.hikari.HikariDataSource - MyHikariCP - Shutdown initiated...
2020-05-17 01:33:26.238 [Thread-8] INFO  com.zaxxer.hikari.HikariDataSource - MyHikariCP - Shutdown completed.
2020-05-17 01:33:26.248 [http-nio-7000-exec-1] WARN  com.zaxxer.hikari.pool.ProxyConnection - MyHikariCP - Connection org.postgresql.jdbc.PgConnection@18cf0719 marked as broken because of SQLSTATE(08006), ErrorCode(0)
org.postgresql.util.PSQLException: An I/O error occurred while sending to the backend.
	at org.postgresql.core.v3.QueryExecutorImpl.execute(QueryExecutorImpl.java:335)
	at org.postgresql.jdbc.PgConnection.executeTransactionCommand(PgConnection.java:755)
	at org.postgresql.jdbc.PgConnection.commit(PgConnection.java:777)
	at com.zaxxer.hikari.pool.ProxyConnection.commit(ProxyConnection.java:361)
	at com.zaxxer.hikari.pool.HikariProxyConnection.commit(HikariProxyConnection.java)
	at com.shine.faas.common.SQLConnection.commit(SQLConnection.java:99)
	at com.shine.faas.common.util.ActionUtil.doAction(ActionUtil.java:60)
	at com.shine.faas.admin.controller.LibraryController.queryBook(LibraryController.java:93)
	at sun.reflect.NativeMethodAccessorImpl.invoke0(Native Method)
	at sun.reflect.NativeMethodAccessorImpl.invoke(NativeMethodAccessorImpl.java:62)
	at sun.reflect.DelegatingMethodAccessorImpl.invoke(DelegatingMethodAccessorImpl.java:43)
	at java.lang.reflect.Method.invoke(Method.java:497)
	at org.springframework.web.method.support.InvocableHandlerMethod.doInvoke(InvocableHandlerMethod.java:189)
	at org.springframework.web.method.support.InvocableHandlerMethod.invokeForRequest(InvocableHandlerMethod.java:138)
	at org.springframework.web.servlet.mvc.method.annotation.ServletInvocableHandlerMethod.invokeAndHandle(ServletInvocableHandlerMethod.java:102)
	at org.springframework.web.servlet.mvc.method.annotation.RequestMappingHandlerAdapter.invokeHandlerMethod(RequestMappingHandlerAdapter.java:892)
	at org.springframework.web.servlet.mvc.method.annotation.RequestMappingHandlerAdapter.handleInternal(RequestMappingHandlerAdapter.java:797)
	at org.springframework.web.servlet.mvc.method.AbstractHandlerMethodAdapter.handle(AbstractHandlerMethodAdapter.java:87)
	at org.springframework.web.servlet.DispatcherServlet.doDispatch(DispatcherServlet.java:1038)
	at org.springframework.web.servlet.DispatcherServlet.doService(DispatcherServlet.java:942)
	at org.springframework.web.servlet.FrameworkServlet.processRequest(FrameworkServlet.java:1005)
	at org.springframework.web.servlet.FrameworkServlet.doPost(FrameworkServlet.java:908)
	at javax.servlet.http.HttpServlet.service(HttpServlet.java:660)
	at org.springframework.web.servlet.FrameworkServlet.service(FrameworkServlet.java:882)
	at javax.servlet.http.HttpServlet.service(HttpServlet.java:741)
	at org.apache.catalina.core.ApplicationFilterChain.internalDoFilter(ApplicationFilterChain.java:231)
	at org.apache.catalina.core.ApplicationFilterChain.doFilter(ApplicationFilterChain.java:166)
	at org.apache.tomcat.websocket.server.WsFilter.doFilter(WsFilter.java:53)
	at org.apache.catalina.core.ApplicationFilterChain.internalDoFilter(ApplicationFilterChain.java:193)
	at org.apache.catalina.core.ApplicationFilterChain.doFilter(ApplicationFilterChain.java:166)
	at org.springframework.web.filter.RequestContextFilter.doFilterInternal(RequestContextFilter.java:99)
	at org.springframework.web.filter.OncePerRequestFilter.doFilter(OncePerRequestFilter.java:107)
	at org.apache.catalina.core.ApplicationFilterChain.internalDoFilter(ApplicationFilterChain.java:193)
	at org.apache.catalina.core.ApplicationFilterChain.doFilter(ApplicationFilterChain.java:166)
	at org.springframework.web.filter.FormContentFilter.doFilterInternal(FormContentFilter.java:92)
	at org.springframework.web.filter.OncePerRequestFilter.doFilter(OncePerRequestFilter.java:107)
	at org.apache.catalina.core.ApplicationFilterChain.internalDoFilter(ApplicationFilterChain.java:193)
	at org.apache.catalina.core.ApplicationFilterChain.doFilter(ApplicationFilterChain.java:166)
	at org.springframework.web.filter.HiddenHttpMethodFilter.doFilterInternal(HiddenHttpMethodFilter.java:93)
	at org.springframework.web.filter.OncePerRequestFilter.doFilter(OncePerRequestFilter.java:107)
	at org.apache.catalina.core.ApplicationFilterChain.internalDoFilter(ApplicationFilterChain.java:193)
	at org.apache.catalina.core.ApplicationFilterChain.doFilter(ApplicationFilterChain.java:166)
	at org.springframework.web.filter.CharacterEncodingFilter.doFilterInternal(CharacterEncodingFilter.java:200)
	at org.springframework.web.filter.OncePerRequestFilter.doFilter(OncePerRequestFilter.java:107)
	at org.apache.catalina.core.ApplicationFilterChain.internalDoFilter(ApplicationFilterChain.java:193)
	at org.apache.catalina.core.ApplicationFilterChain.doFilter(ApplicationFilterChain.java:166)
	at org.apache.catalina.core.StandardWrapperValve.invoke(StandardWrapperValve.java:200)
	at org.apache.catalina.core.StandardContextValve.invoke(StandardContextValve.java:96)
	at org.apache.catalina.authenticator.AuthenticatorBase.invoke(AuthenticatorBase.java:490)
	at org.apache.catalina.core.StandardHostValve.invoke(StandardHostValve.java:139)
	at org.apache.catalina.valves.ErrorReportValve.invoke(ErrorReportValve.java:92)
	at org.apache.catalina.core.StandardEngineValve.invoke(StandardEngineValve.java:74)
	at org.apache.catalina.connector.CoyoteAdapter.service(CoyoteAdapter.java:343)
	at org.apache.coyote.http11.Http11Processor.service(Http11Processor.java:408)
	at org.apache.coyote.AbstractProcessorLight.process(AbstractProcessorLight.java:66)
	at org.apache.coyote.AbstractProtocol$ConnectionHandler.process(AbstractProtocol.java:834)
	at org.apache.tomcat.util.net.NioEndpoint$SocketProcessor.doRun(NioEndpoint.java:1415)
	at org.apache.tomcat.util.net.SocketProcessorBase.run(SocketProcessorBase.java:49)
	at java.util.concurrent.ThreadPoolExecutor.runWorker(ThreadPoolExecutor.java:1142)
	at java.util.concurrent.ThreadPoolExecutor$Worker.run(ThreadPoolExecutor.java:617)
	at org.apache.tomcat.util.threads.TaskThread$WrappingRunnable.run(TaskThread.java:61)
	at java.lang.Thread.run(Thread.java:745)
Caused by: java.net.SocketException: Socket closed
	at java.net.SocketInputStream.socketRead0(Native Method)
	at java.net.SocketInputStream.socketRead(SocketInputStream.java:116)
	at java.net.SocketInputStream.read(SocketInputStream.java:170)
	at java.net.SocketInputStream.read(SocketInputStream.java:141)
	at org.postgresql.core.VisibleBufferedInputStream.readMore(VisibleBufferedInputStream.java:140)
	at org.postgresql.core.VisibleBufferedInputStream.ensureBytes(VisibleBufferedInputStream.java:109)
	at org.postgresql.core.VisibleBufferedInputStream.read(VisibleBufferedInputStream.java:67)
	at org.postgresql.core.PGStream.receiveChar(PGStream.java:306)
	at org.postgresql.core.v3.QueryExecutorImpl.processResults(QueryExecutorImpl.java:1952)
	at org.postgresql.core.v3.QueryExecutorImpl.execute(QueryExecutorImpl.java:308)
	... 61 common frames omitted
2020-05-17 01:33:26.248 [http-nio-7000-exec-2] WARN  com.zaxxer.hikari.pool.ProxyConnection - MyHikariCP - Connection org.postgresql.jdbc.PgConnection@2fc2e784 marked as broken because of SQLSTATE(08006), ErrorCode(0)
org.postgresql.util.PSQLException: An I/O error occurred while sending to the backend.
	at org.postgresql.core.v3.QueryExecutorImpl.execute(QueryExecutorImpl.java:335)
	at org.postgresql.jdbc.PgStatement.executeInternal(PgStatement.java:441)
	at org.postgresql.jdbc.PgStatement.execute(PgStatement.java:365)
	at org.postgresql.jdbc.PgPreparedStatement.executeWithFlags(PgPreparedStatement.java:143)
	at org.postgresql.jdbc.PgPreparedStatement.executeQuery(PgPreparedStatement.java:106)
	at com.zaxxer.hikari.pool.ProxyPreparedStatement.executeQuery(ProxyPreparedStatement.java:52)
	at com.zaxxer.hikari.pool.HikariProxyPreparedStatement.executeQuery(HikariProxyPreparedStatement.java)
	at org.springframework.jdbc.core.JdbcTemplate$1.doInPreparedStatement(JdbcTemplate.java:677)
	at org.springframework.jdbc.core.JdbcTemplate.execute(JdbcTemplate.java:616)
	at org.springframework.jdbc.core.JdbcTemplate.query(JdbcTemplate.java:668)
	at org.springframework.jdbc.core.JdbcTemplate.query(JdbcTemplate.java:693)
	at org.springframework.jdbc.core.namedparam.NamedParameterJdbcTemplate.queryForRowSet(NamedParameterJdbcTemplate.java:307)
	at org.springframework.jdbc.core.namedparam.NamedParameterJdbcTemplate.queryForRowSet(NamedParameterJdbcTemplate.java:315)
	at com.shine.faas.common.SQLConnection.queryWithParams(SQLConnection.java:72)
	at com.shine.faas.common.orm.query.OrmQueryAssitant.queryPager(OrmQueryAssitant.java:106)
	at com.shine.faas.admin.orm.repository.BookRepository.queryBook(BookRepository.java:31)
	at com.shine.faas.admin.service.impl.LibraryServiceImpl.queryBook(LibraryServiceImpl.java:97)
	at com.shine.faas.admin.controller.LibraryController.lambda$queryBook$54(LibraryController.java:94)
	at com.shine.faas.common.util.ActionUtil.doAction(ActionUtil.java:57)
	at com.shine.faas.admin.controller.LibraryController.queryBook(LibraryController.java:93)
	at sun.reflect.NativeMethodAccessorImpl.invoke0(Native Method)
	at sun.reflect.NativeMethodAccessorImpl.invoke(NativeMethodAccessorImpl.java:62)
	at sun.reflect.DelegatingMethodAccessorImpl.invoke(DelegatingMethodAccessorImpl.java:43)
	at java.lang.reflect.Method.invoke(Method.java:497)
	at org.springframework.web.method.support.InvocableHandlerMethod.doInvoke(InvocableHandlerMethod.java:189)
	at org.springframework.web.method.support.InvocableHandlerMethod.invokeForRequest(InvocableHandlerMethod.java:138)
	at org.springframework.web.servlet.mvc.method.annotation.ServletInvocableHandlerMethod.invokeAndHandle(ServletInvocableHandlerMethod.java:102)
	at org.springframework.web.servlet.mvc.method.annotation.RequestMappingHandlerAdapter.invokeHandlerMethod(RequestMappingHandlerAdapter.java:892)
	at org.springframework.web.servlet.mvc.method.annotation.RequestMappingHandlerAdapter.handleInternal(RequestMappingHandlerAdapter.java:797)
	at org.springframework.web.servlet.mvc.method.AbstractHandlerMethodAdapter.handle(AbstractHandlerMethodAdapter.java:87)
	at org.springframework.web.servlet.DispatcherServlet.doDispatch(DispatcherServlet.java:1038)
	at org.springframework.web.servlet.DispatcherServlet.doService(DispatcherServlet.java:942)
	at org.springframework.web.servlet.FrameworkServlet.processRequest(FrameworkServlet.java:1005)
	at org.springframework.web.servlet.FrameworkServlet.doPost(FrameworkServlet.java:908)
	at javax.servlet.http.HttpServlet.service(HttpServlet.java:660)
	at org.springframework.web.servlet.FrameworkServlet.service(FrameworkServlet.java:882)
	at javax.servlet.http.HttpServlet.service(HttpServlet.java:741)
	at org.apache.catalina.core.ApplicationFilterChain.internalDoFilter(ApplicationFilterChain.java:231)
	at org.apache.catalina.core.ApplicationFilterChain.doFilter(ApplicationFilterChain.java:166)
	at org.apache.tomcat.websocket.server.WsFilter.doFilter(WsFilter.java:53)
	at org.apache.catalina.core.ApplicationFilterChain.internalDoFilter(ApplicationFilterChain.java:193)
	at org.apache.catalina.core.ApplicationFilterChain.doFilter(ApplicationFilterChain.java:166)
	at org.springframework.web.filter.RequestContextFilter.doFilterInternal(RequestContextFilter.java:99)
	at org.springframework.web.filter.OncePerRequestFilter.doFilter(OncePerRequestFilter.java:107)
	at org.apache.catalina.core.ApplicationFilterChain.internalDoFilter(ApplicationFilterChain.java:193)
	at org.apache.catalina.core.ApplicationFilterChain.doFilter(ApplicationFilterChain.java:166)
	at org.springframework.web.filter.FormContentFilter.doFilterInternal(FormContentFilter.java:92)
	at org.springframework.web.filter.OncePerRequestFilter.doFilter(OncePerRequestFilter.java:107)
	at org.apache.catalina.core.ApplicationFilterChain.internalDoFilter(ApplicationFilterChain.java:193)
	at org.apache.catalina.core.ApplicationFilterChain.doFilter(ApplicationFilterChain.java:166)
	at org.springframework.web.filter.HiddenHttpMethodFilter.doFilterInternal(HiddenHttpMethodFilter.java:93)
	at org.springframework.web.filter.OncePerRequestFilter.doFilter(OncePerRequestFilter.java:107)
	at org.apache.catalina.core.ApplicationFilterChain.internalDoFilter(ApplicationFilterChain.java:193)
	at org.apache.catalina.core.ApplicationFilterChain.doFilter(ApplicationFilterChain.java:166)
	at org.springframework.web.filter.CharacterEncodingFilter.doFilterInternal(CharacterEncodingFilter.java:200)
	at org.springframework.web.filter.OncePerRequestFilter.doFilter(OncePerRequestFilter.java:107)
	at org.apache.catalina.core.ApplicationFilterChain.internalDoFilter(ApplicationFilterChain.java:193)
	at org.apache.catalina.core.ApplicationFilterChain.doFilter(ApplicationFilterChain.java:166)
	at org.apache.catalina.core.StandardWrapperValve.invoke(StandardWrapperValve.java:200)
	at org.apache.catalina.core.StandardContextValve.invoke(StandardContextValve.java:96)
	at org.apache.catalina.authenticator.AuthenticatorBase.invoke(AuthenticatorBase.java:490)
	at org.apache.catalina.core.StandardHostValve.invoke(StandardHostValve.java:139)
	at org.apache.catalina.valves.ErrorReportValve.invoke(ErrorReportValve.java:92)
	at org.apache.catalina.core.StandardEngineValve.invoke(StandardEngineValve.java:74)
	at org.apache.catalina.connector.CoyoteAdapter.service(CoyoteAdapter.java:343)
	at org.apache.coyote.http11.Http11Processor.service(Http11Processor.java:408)
	at org.apache.coyote.AbstractProcessorLight.process(AbstractProcessorLight.java:66)
	at org.apache.coyote.AbstractProtocol$ConnectionHandler.process(AbstractProtocol.java:834)
	at org.apache.tomcat.util.net.NioEndpoint$SocketProcessor.doRun(NioEndpoint.java:1415)
	at org.apache.tomcat.util.net.SocketProcessorBase.run(SocketProcessorBase.java:49)
	at java.util.concurrent.ThreadPoolExecutor.runWorker(ThreadPoolExecutor.java:1142)
	at java.util.concurrent.ThreadPoolExecutor$Worker.run(ThreadPoolExecutor.java:617)
	at org.apache.tomcat.util.threads.TaskThread$WrappingRunnable.run(TaskThread.java:61)
	at java.lang.Thread.run(Thread.java:745)
Caused by: java.net.SocketException: Socket closed
	at java.net.SocketInputStream.socketRead0(Native Method)
	at java.net.SocketInputStream.socketRead(SocketInputStream.java:116)
	at java.net.SocketInputStream.read(SocketInputStream.java:170)
	at java.net.SocketInputStream.read(SocketInputStream.java:141)
	at org.postgresql.core.VisibleBufferedInputStream.readMore(VisibleBufferedInputStream.java:140)
	at org.postgresql.core.VisibleBufferedInputStream.ensureBytes(VisibleBufferedInputStream.java:109)
	at org.postgresql.core.VisibleBufferedInputStream.read(VisibleBufferedInputStream.java:67)
	at org.postgresql.core.PGStream.receiveChar(PGStream.java:306)
	at org.postgresql.core.v3.QueryExecutorImpl.processResults(QueryExecutorImpl.java:1952)
	at org.postgresql.core.v3.QueryExecutorImpl.execute(QueryExecutorImpl.java:308)
	... 73 common frames omitted
2020-05-17 01:33:26.301 [http-nio-7000-exec-2] WARN  o.s.jdbc.support.SQLErrorCodesFactory - Error while extracting database name - falling back to empty error codes
org.springframework.jdbc.support.MetaDataAccessException: Error while extracting DatabaseMetaData; nested exception is java.sql.SQLException: Connection is closed
	at org.springframework.jdbc.support.JdbcUtils.extractDatabaseMetaData(JdbcUtils.java:331)
	at org.springframework.jdbc.support.JdbcUtils.extractDatabaseMetaData(JdbcUtils.java:356)
	at org.springframework.jdbc.support.SQLErrorCodesFactory.getErrorCodes(SQLErrorCodesFactory.java:214)
	at org.springframework.jdbc.support.SQLErrorCodeSQLExceptionTranslator.setDataSource(SQLErrorCodeSQLExceptionTranslator.java:136)
	at org.springframework.jdbc.support.SQLErrorCodeSQLExceptionTranslator.<init>(SQLErrorCodeSQLExceptionTranslator.java:99)
	at org.springframework.jdbc.support.JdbcAccessor.getExceptionTranslator(JdbcAccessor.java:122)
	at org.springframework.jdbc.core.JdbcTemplate.translateException(JdbcTemplate.java:1442)
	at org.springframework.jdbc.core.JdbcTemplate.execute(JdbcTemplate.java:632)
	at org.springframework.jdbc.core.JdbcTemplate.query(JdbcTemplate.java:668)
	at org.springframework.jdbc.core.JdbcTemplate.query(JdbcTemplate.java:693)
	at org.springframework.jdbc.core.namedparam.NamedParameterJdbcTemplate.queryForRowSet(NamedParameterJdbcTemplate.java:307)
	at org.springframework.jdbc.core.namedparam.NamedParameterJdbcTemplate.queryForRowSet(NamedParameterJdbcTemplate.java:315)
	at com.shine.faas.common.SQLConnection.queryWithParams(SQLConnection.java:72)
	at com.shine.faas.common.orm.query.OrmQueryAssitant.queryPager(OrmQueryAssitant.java:106)
	at com.shine.faas.admin.orm.repository.BookRepository.queryBook(BookRepository.java:31)
	at com.shine.faas.admin.service.impl.LibraryServiceImpl.queryBook(LibraryServiceImpl.java:97)
	at com.shine.faas.admin.controller.LibraryController.lambda$queryBook$54(LibraryController.java:94)
	at com.shine.faas.common.util.ActionUtil.doAction(ActionUtil.java:57)
	at com.shine.faas.admin.controller.LibraryController.queryBook(LibraryController.java:93)
	at sun.reflect.NativeMethodAccessorImpl.invoke0(Native Method)
	at sun.reflect.NativeMethodAccessorImpl.invoke(NativeMethodAccessorImpl.java:62)
	at sun.reflect.DelegatingMethodAccessorImpl.invoke(DelegatingMethodAccessorImpl.java:43)
	at java.lang.reflect.Method.invoke(Method.java:497)
	at org.springframework.web.method.support.InvocableHandlerMethod.doInvoke(InvocableHandlerMethod.java:189)
	at org.springframework.web.method.support.InvocableHandlerMethod.invokeForRequest(InvocableHandlerMethod.java:138)
	at org.springframework.web.servlet.mvc.method.annotation.ServletInvocableHandlerMethod.invokeAndHandle(ServletInvocableHandlerMethod.java:102)
	at org.springframework.web.servlet.mvc.method.annotation.RequestMappingHandlerAdapter.invokeHandlerMethod(RequestMappingHandlerAdapter.java:892)
	at org.springframework.web.servlet.mvc.method.annotation.RequestMappingHandlerAdapter.handleInternal(RequestMappingHandlerAdapter.java:797)
	at org.springframework.web.servlet.mvc.method.AbstractHandlerMethodAdapter.handle(AbstractHandlerMethodAdapter.java:87)
	at org.springframework.web.servlet.DispatcherServlet.doDispatch(DispatcherServlet.java:1038)
	at org.springframework.web.servlet.DispatcherServlet.doService(DispatcherServlet.java:942)
	at org.springframework.web.servlet.FrameworkServlet.processRequest(FrameworkServlet.java:1005)
	at org.springframework.web.servlet.FrameworkServlet.doPost(FrameworkServlet.java:908)
	at javax.servlet.http.HttpServlet.service(HttpServlet.java:660)
	at org.springframework.web.servlet.FrameworkServlet.service(FrameworkServlet.java:882)
	at javax.servlet.http.HttpServlet.service(HttpServlet.java:741)
	at org.apache.catalina.core.ApplicationFilterChain.internalDoFilter(ApplicationFilterChain.java:231)
	at org.apache.catalina.core.ApplicationFilterChain.doFilter(ApplicationFilterChain.java:166)
	at org.apache.tomcat.websocket.server.WsFilter.doFilter(WsFilter.java:53)
	at org.apache.catalina.core.ApplicationFilterChain.internalDoFilter(ApplicationFilterChain.java:193)
	at org.apache.catalina.core.ApplicationFilterChain.doFilter(ApplicationFilterChain.java:166)
	at org.springframework.web.filter.RequestContextFilter.doFilterInternal(RequestContextFilter.java:99)
	at org.springframework.web.filter.OncePerRequestFilter.doFilter(OncePerRequestFilter.java:107)
	at org.apache.catalina.core.ApplicationFilterChain.internalDoFilter(ApplicationFilterChain.java:193)
	at org.apache.catalina.core.ApplicationFilterChain.doFilter(ApplicationFilterChain.java:166)
	at org.springframework.web.filter.FormContentFilter.doFilterInternal(FormContentFilter.java:92)
	at org.springframework.web.filter.OncePerRequestFilter.doFilter(OncePerRequestFilter.java:107)
	at org.apache.catalina.core.ApplicationFilterChain.internalDoFilter(ApplicationFilterChain.java:193)
	at org.apache.catalina.core.ApplicationFilterChain.doFilter(ApplicationFilterChain.java:166)
	at org.springframework.web.filter.HiddenHttpMethodFilter.doFilterInternal(HiddenHttpMethodFilter.java:93)
	at org.springframework.web.filter.OncePerRequestFilter.doFilter(OncePerRequestFilter.java:107)
	at org.apache.catalina.core.ApplicationFilterChain.internalDoFilter(ApplicationFilterChain.java:193)
	at org.apache.catalina.core.ApplicationFilterChain.doFilter(ApplicationFilterChain.java:166)
	at org.springframework.web.filter.CharacterEncodingFilter.doFilterInternal(CharacterEncodingFilter.java:200)
	at org.springframework.web.filter.OncePerRequestFilter.doFilter(OncePerRequestFilter.java:107)
	at org.apache.catalina.core.ApplicationFilterChain.internalDoFilter(ApplicationFilterChain.java:193)
	at org.apache.catalina.core.ApplicationFilterChain.doFilter(ApplicationFilterChain.java:166)
	at org.apache.catalina.core.StandardWrapperValve.invoke(StandardWrapperValve.java:200)
	at org.apache.catalina.core.StandardContextValve.invoke(StandardContextValve.java:96)
	at org.apache.catalina.authenticator.AuthenticatorBase.invoke(AuthenticatorBase.java:490)
	at org.apache.catalina.core.StandardHostValve.invoke(StandardHostValve.java:139)
	at org.apache.catalina.valves.ErrorReportValve.invoke(ErrorReportValve.java:92)
	at org.apache.catalina.core.StandardEngineValve.invoke(StandardEngineValve.java:74)
	at org.apache.catalina.connector.CoyoteAdapter.service(CoyoteAdapter.java:343)
	at org.apache.coyote.http11.Http11Processor.service(Http11Processor.java:408)
	at org.apache.coyote.AbstractProcessorLight.process(AbstractProcessorLight.java:66)
	at org.apache.coyote.AbstractProtocol$ConnectionHandler.process(AbstractProtocol.java:834)
	at org.apache.tomcat.util.net.NioEndpoint$SocketProcessor.doRun(NioEndpoint.java:1415)
	at org.apache.tomcat.util.net.SocketProcessorBase.run(SocketProcessorBase.java:49)
	at java.util.concurrent.ThreadPoolExecutor.runWorker(ThreadPoolExecutor.java:1142)
	at java.util.concurrent.ThreadPoolExecutor$Worker.run(ThreadPoolExecutor.java:617)
	at org.apache.tomcat.util.threads.TaskThread$WrappingRunnable.run(TaskThread.java:61)
	at java.lang.Thread.run(Thread.java:745)
Caused by: java.sql.SQLException: Connection is closed
	at com.zaxxer.hikari.pool.ProxyConnection$ClosedConnection.lambda$getClosedConnection$0(ProxyConnection.java:489)
	at com.sun.proxy.$Proxy69.getMetaData(Unknown Source)
	at com.zaxxer.hikari.pool.ProxyConnection.getMetaData(ProxyConnection.java:354)
	at com.zaxxer.hikari.pool.HikariProxyConnection.getMetaData(HikariProxyConnection.java)
	at org.springframework.jdbc.support.JdbcUtils.extractDatabaseMetaData(JdbcUtils.java:320)
	... 72 common frames omitted
2020-05-17 01:33:31.481 [main] INFO  com.shine.faas.admin.FaasAdminServiceApplication - Starting FaasAdminServiceApplication on wanc-desktop with PID 22100 (C:\Users\Administrator\Desktop\campus-system-service\faas-services\faas-admin-service\target\classes started by Administrator in C:\Users\Administrator\Desktop\campus-system-service)
2020-05-17 01:33:31.484 [main] INFO  com.shine.faas.admin.FaasAdminServiceApplication - The following profiles are active: FaasAdminServiceApplication
2020-05-17 01:33:32.472 [main] INFO  o.s.c.s.PostProcessorRegistrationDelegate$BeanPostProcessorChecker - Bean 'org.springframework.transaction.annotation.ProxyTransactionManagementConfiguration' of type [org.springframework.transaction.annotation.ProxyTransactionManagementConfiguration$$EnhancerBySpringCGLIB$$a82df495] is not eligible for getting processed by all BeanPostProcessors (for example: not eligible for auto-proxying)
2020-05-17 01:33:32.761 [main] INFO  o.s.boot.web.embedded.tomcat.TomcatWebServer - Tomcat initialized with port(s): 7000 (http)
2020-05-17 01:33:32.775 [main] INFO  org.apache.coyote.http11.Http11NioProtocol - Initializing ProtocolHandler ["http-nio-7000"]
2020-05-17 01:33:32.783 [main] INFO  org.apache.catalina.core.StandardService - Starting service [Tomcat]
2020-05-17 01:33:32.783 [main] INFO  org.apache.catalina.core.StandardEngine - Starting Servlet engine: [Apache Tomcat/9.0.17]
2020-05-17 01:33:32.884 [main] INFO  o.a.c.core.ContainerBase.[Tomcat].[localhost].[/] - Initializing Spring embedded WebApplicationContext
2020-05-17 01:33:32.884 [main] INFO  org.springframework.web.context.ContextLoader - Root WebApplicationContext: initialization completed in 1365 ms
2020-05-17 01:33:33.244 [main] INFO  o.s.scheduling.concurrent.ThreadPoolTaskExecutor - Initializing ExecutorService 'applicationTaskExecutor'
2020-05-17 01:33:33.514 [main] INFO  org.apache.coyote.http11.Http11NioProtocol - Starting ProtocolHandler ["http-nio-7000"]
2020-05-17 01:33:33.536 [main] INFO  o.s.boot.web.embedded.tomcat.TomcatWebServer - Tomcat started on port(s): 7000 (http) with context path ''
2020-05-17 01:33:33.539 [main] INFO  com.shine.faas.admin.FaasAdminServiceApplication - Started FaasAdminServiceApplication in 2.378 seconds (JVM running for 3.244)
2020-05-17 01:33:33.543 [main] INFO  com.shine.faas.admin.FaasAdminServiceApplication - 启动完成...
2020-05-17 01:33:33.548 [main] INFO  com.zaxxer.hikari.HikariDataSource - MyHikariCP - Starting...
2020-05-17 01:33:38.192 [main] INFO  com.zaxxer.hikari.HikariDataSource - MyHikariCP - Start completed.
2020-05-17 01:33:47.376 [http-nio-7000-exec-1] INFO  o.a.c.core.ContainerBase.[Tomcat].[localhost].[/] - Initializing Spring DispatcherServlet 'dispatcherServlet'
2020-05-17 01:33:47.377 [http-nio-7000-exec-1] INFO  org.springframework.web.servlet.DispatcherServlet - Initializing Servlet 'dispatcherServlet'
2020-05-17 01:33:47.382 [http-nio-7000-exec-1] INFO  org.springframework.web.servlet.DispatcherServlet - Completed initialization in 5 ms
2020-05-17 01:34:31.831 [Thread-7] INFO  o.s.scheduling.concurrent.ThreadPoolTaskExecutor - Shutting down ExecutorService 'applicationTaskExecutor'
2020-05-17 01:34:31.832 [Thread-7] INFO  com.zaxxer.hikari.HikariDataSource - MyHikariCP - Shutdown initiated...
2020-05-17 01:34:41.405 [main] INFO  com.shine.faas.admin.FaasAdminServiceApplication - Starting FaasAdminServiceApplication on wanc-desktop with PID 33056 (C:\Users\Administrator\Desktop\campus-system-service\faas-services\faas-admin-service\target\classes started by Administrator in C:\Users\Administrator\Desktop\campus-system-service)
2020-05-17 01:34:41.409 [main] INFO  com.shine.faas.admin.FaasAdminServiceApplication - The following profiles are active: FaasAdminServiceApplication
2020-05-17 01:34:42.390 [main] INFO  o.s.c.s.PostProcessorRegistrationDelegate$BeanPostProcessorChecker - Bean 'org.springframework.transaction.annotation.ProxyTransactionManagementConfiguration' of type [org.springframework.transaction.annotation.ProxyTransactionManagementConfiguration$$EnhancerBySpringCGLIB$$d2aee58] is not eligible for getting processed by all BeanPostProcessors (for example: not eligible for auto-proxying)
2020-05-17 01:34:42.668 [main] INFO  o.s.boot.web.embedded.tomcat.TomcatWebServer - Tomcat initialized with port(s): 7000 (http)
2020-05-17 01:34:42.682 [main] INFO  org.apache.coyote.http11.Http11NioProtocol - Initializing ProtocolHandler ["http-nio-7000"]
2020-05-17 01:34:42.689 [main] INFO  org.apache.catalina.core.StandardService - Starting service [Tomcat]
2020-05-17 01:34:42.689 [main] INFO  org.apache.catalina.core.StandardEngine - Starting Servlet engine: [Apache Tomcat/9.0.17]
2020-05-17 01:34:42.790 [main] INFO  o.a.c.core.ContainerBase.[Tomcat].[localhost].[/] - Initializing Spring embedded WebApplicationContext
2020-05-17 01:34:42.790 [main] INFO  org.springframework.web.context.ContextLoader - Root WebApplicationContext: initialization completed in 1336 ms
2020-05-17 01:34:43.136 [main] INFO  o.s.scheduling.concurrent.ThreadPoolTaskExecutor - Initializing ExecutorService 'applicationTaskExecutor'
2020-05-17 01:34:43.394 [main] INFO  org.apache.coyote.http11.Http11NioProtocol - Starting ProtocolHandler ["http-nio-7000"]
2020-05-17 01:34:43.418 [main] INFO  o.s.boot.web.embedded.tomcat.TomcatWebServer - Tomcat started on port(s): 7000 (http) with context path ''
2020-05-17 01:34:43.421 [main] INFO  com.shine.faas.admin.FaasAdminServiceApplication - Started FaasAdminServiceApplication in 2.369 seconds (JVM running for 3.202)
2020-05-17 01:34:43.424 [main] INFO  com.shine.faas.admin.FaasAdminServiceApplication - 启动完成...
2020-05-17 01:34:43.428 [main] INFO  com.zaxxer.hikari.HikariDataSource - MyHikariCP - Starting...
2020-05-17 01:34:47.779 [main] INFO  com.zaxxer.hikari.HikariDataSource - MyHikariCP - Start completed.
2020-05-17 01:35:01.188 [http-nio-7000-exec-2] INFO  o.a.c.core.ContainerBase.[Tomcat].[localhost].[/] - Initializing Spring DispatcherServlet 'dispatcherServlet'
2020-05-17 01:35:01.189 [http-nio-7000-exec-2] INFO  org.springframework.web.servlet.DispatcherServlet - Initializing Servlet 'dispatcherServlet'
2020-05-17 01:35:01.202 [http-nio-7000-exec-2] INFO  org.springframework.web.servlet.DispatcherServlet - Completed initialization in 13 ms
2020-05-17 01:37:03.558 [Thread-7] INFO  o.s.scheduling.concurrent.ThreadPoolTaskExecutor - Shutting down ExecutorService 'applicationTaskExecutor'
2020-05-17 01:37:03.559 [Thread-7] INFO  com.zaxxer.hikari.HikariDataSource - MyHikariCP - Shutdown initiated...
2020-05-17 01:37:19.864 [main] INFO  com.shine.faas.admin.FaasAdminServiceApplication - Starting FaasAdminServiceApplication on wanc-desktop with PID 8104 (C:\Users\Administrator\Desktop\campus-system-service\faas-services\faas-admin-service\target\classes started by Administrator in C:\Users\Administrator\Desktop\campus-system-service)
2020-05-17 01:37:19.868 [main] INFO  com.shine.faas.admin.FaasAdminServiceApplication - The following profiles are active: FaasAdminServiceApplication
2020-05-17 01:37:20.795 [main] INFO  o.s.c.s.PostProcessorRegistrationDelegate$BeanPostProcessorChecker - Bean 'org.springframework.transaction.annotation.ProxyTransactionManagementConfiguration' of type [org.springframework.transaction.annotation.ProxyTransactionManagementConfiguration$$EnhancerBySpringCGLIB$$fb9d222f] is not eligible for getting processed by all BeanPostProcessors (for example: not eligible for auto-proxying)
2020-05-17 01:37:21.041 [main] INFO  o.s.boot.web.embedded.tomcat.TomcatWebServer - Tomcat initialized with port(s): 7000 (http)
2020-05-17 01:37:21.053 [main] INFO  org.apache.coyote.http11.Http11NioProtocol - Initializing ProtocolHandler ["http-nio-7000"]
2020-05-17 01:37:21.061 [main] INFO  org.apache.catalina.core.StandardService - Starting service [Tomcat]
2020-05-17 01:37:21.061 [main] INFO  org.apache.catalina.core.StandardEngine - Starting Servlet engine: [Apache Tomcat/9.0.17]
2020-05-17 01:37:21.160 [main] INFO  o.a.c.core.ContainerBase.[Tomcat].[localhost].[/] - Initializing Spring embedded WebApplicationContext
2020-05-17 01:37:21.160 [main] INFO  org.springframework.web.context.ContextLoader - Root WebApplicationContext: initialization completed in 1248 ms
2020-05-17 01:37:21.502 [main] INFO  o.s.scheduling.concurrent.ThreadPoolTaskExecutor - Initializing ExecutorService 'applicationTaskExecutor'
2020-05-17 01:37:21.708 [main] INFO  org.apache.coyote.http11.Http11NioProtocol - Starting ProtocolHandler ["http-nio-7000"]
2020-05-17 01:37:21.820 [main] INFO  o.s.boot.web.embedded.tomcat.TomcatWebServer - Tomcat started on port(s): 7000 (http) with context path ''
2020-05-17 01:37:21.822 [main] INFO  com.shine.faas.admin.FaasAdminServiceApplication - Started FaasAdminServiceApplication in 2.335 seconds (JVM running for 3.144)
2020-05-17 01:37:21.825 [main] INFO  com.shine.faas.admin.FaasAdminServiceApplication - 启动完成...
2020-05-17 01:37:21.829 [main] INFO  com.zaxxer.hikari.HikariDataSource - MyHikariCP - Starting...
2020-05-17 01:37:38.363 [main] WARN  com.zaxxer.hikari.pool.PoolBase - MyHikariCP - Default transaction isolation level detection failed (An I/O error occurred while sending to the backend.).
2020-05-17 01:37:51.420 [main] INFO  com.shine.faas.admin.FaasAdminServiceApplication - Starting FaasAdminServiceApplication on wanc-desktop with PID 29068 (C:\Users\Administrator\Desktop\campus-system-service\faas-services\faas-admin-service\target\classes started by Administrator in C:\Users\Administrator\Desktop\campus-system-service)
2020-05-17 01:37:51.423 [main] INFO  com.shine.faas.admin.FaasAdminServiceApplication - The following profiles are active: FaasAdminServiceApplication
2020-05-17 01:37:52.328 [main] INFO  o.s.c.s.PostProcessorRegistrationDelegate$BeanPostProcessorChecker - Bean 'org.springframework.transaction.annotation.ProxyTransactionManagementConfiguration' of type [org.springframework.transaction.annotation.ProxyTransactionManagementConfiguration$$EnhancerBySpringCGLIB$$927ea0ad] is not eligible for getting processed by all BeanPostProcessors (for example: not eligible for auto-proxying)
2020-05-17 01:37:52.554 [main] INFO  o.s.boot.web.embedded.tomcat.TomcatWebServer - Tomcat initialized with port(s): 7000 (http)
2020-05-17 01:37:52.565 [main] INFO  org.apache.coyote.http11.Http11NioProtocol - Initializing ProtocolHandler ["http-nio-7000"]
2020-05-17 01:37:52.572 [main] INFO  org.apache.catalina.core.StandardService - Starting service [Tomcat]
2020-05-17 01:37:52.572 [main] INFO  org.apache.catalina.core.StandardEngine - Starting Servlet engine: [Apache Tomcat/9.0.17]
2020-05-17 01:37:52.670 [main] INFO  o.a.c.core.ContainerBase.[Tomcat].[localhost].[/] - Initializing Spring embedded WebApplicationContext
2020-05-17 01:37:52.670 [main] INFO  org.springframework.web.context.ContextLoader - Root WebApplicationContext: initialization completed in 1196 ms
2020-05-17 01:37:53.000 [main] INFO  o.s.scheduling.concurrent.ThreadPoolTaskExecutor - Initializing ExecutorService 'applicationTaskExecutor'
2020-05-17 01:37:53.176 [main] INFO  org.apache.coyote.http11.Http11NioProtocol - Starting ProtocolHandler ["http-nio-7000"]
2020-05-17 01:37:53.278 [main] INFO  o.s.boot.web.embedded.tomcat.TomcatWebServer - Tomcat started on port(s): 7000 (http) with context path ''
2020-05-17 01:37:53.280 [main] INFO  com.shine.faas.admin.FaasAdminServiceApplication - Started FaasAdminServiceApplication in 2.213 seconds (JVM running for 2.952)
2020-05-17 01:37:53.283 [main] INFO  com.shine.faas.admin.FaasAdminServiceApplication - 启动完成...
2020-05-17 01:37:53.287 [main] INFO  com.zaxxer.hikari.HikariDataSource - MyHikariCP - Starting...
2020-05-17 01:38:05.937 [main] INFO  com.zaxxer.hikari.HikariDataSource - MyHikariCP - Start completed.
2020-05-17 01:38:19.791 [http-nio-7000-exec-1] INFO  o.a.c.core.ContainerBase.[Tomcat].[localhost].[/] - Initializing Spring DispatcherServlet 'dispatcherServlet'
2020-05-17 01:38:19.791 [http-nio-7000-exec-1] INFO  org.springframework.web.servlet.DispatcherServlet - Initializing Servlet 'dispatcherServlet'
2020-05-17 01:38:19.796 [http-nio-7000-exec-1] INFO  org.springframework.web.servlet.DispatcherServlet - Completed initialization in 5 ms
